<?xml version="1.0" encoding="UTF-8"?>
<!-- Generated by org.testng.reporters.JUnitXMLReporter -->
<testsuite ignored="3" hostname="DESKTOP-E57FEQI" failures="0" tests="1" name="Sample(failed)(failed)" time="0.117" errors="0" timestamp="2022-07-29T06:32:54 IST">
  <testcase classname="TestNG.sample2" name="TC6" time="0.037"/>
  <testcase classname="TestNG.sample2" name="TC4" time="0.0">
    <ignored/>
  </testcase> <!-- TC4 -->
  <testcase classname="TestNG.sample2" name="TC7" time="0.0">
    <ignored/>
  </testcase> <!-- TC7 -->
  <testcase classname="TestNG.sample2" name="TC5" time="0.0">
    <ignored/>
  </testcase> <!-- TC5 -->
</testsuite> <!-- Sample(failed)(failed) -->
