<?xml version="1.0" encoding="UTF-8"?>
<!-- Generated by org.testng.reporters.JUnitXMLReporter -->
<testsuite ignored="4" hostname="DESKTOP-E57FEQI" failures="0" tests="3" name="Group" time="0.15" errors="0" timestamp="2022-07-29T06:51:06 IST">
  <testcase classname="TestNG.TestNG_Group" name="TC1" time="0.025"/>
  <testcase classname="TestNG.TestNG_Group" name="TC3" time="0.006"/>
  <testcase classname="TestNG.TestNG_Group" name="TC6" time="0.007"/>
  <testcase classname="TestNG.TestNG_Group" name="TC4" time="0.0">
    <ignored/>
  </testcase> <!-- TC4 -->
  <testcase classname="TestNG.TestNG_Group" name="TC2" time="0.0">
    <ignored/>
  </testcase> <!-- TC2 -->
  <testcase classname="TestNG.TestNG_Group" name="TC5" time="0.0">
    <ignored/>
  </testcase> <!-- TC5 -->
  <testcase classname="TestNG.TestNG_Group" name="TC7" time="0.0">
    <ignored/>
  </testcase> <!-- TC7 -->
</testsuite> <!-- Group -->
