<?xml version="1.0" encoding="UTF-8"?>
<!-- Generated by org.testng.reporters.JUnitXMLReporter -->
<testsuite ignored="0" hostname="DESKTOP-E57FEQI" failures="1" tests="10" name="Sample" time="0.229" errors="0" timestamp="2022-07-29T06:36:34 IST">
  <testcase classname="TestNG.sample1" name="TC1" time="0.024"/>
  <testcase classname="TestNG.sample1" name="TC2" time="0.005"/>
  <testcase classname="TestNG.sample1" name="TC3" time="0.003"/>
  <testcase classname="TestNG.sample2" name="TC4" time="0.003"/>
  <testcase classname="TestNG.sample2" name="TC5" time="0.003"/>
  <testcase classname="TestNG.sample2" name="TC6" time="0.01">
    <failure type="java.lang.AssertionError" message="null">
      <![CDATA[java.lang.AssertionError: null
at TestNG.sample2.TC6(sample2.java:20)
at java.base/java.util.ArrayList.forEach(ArrayList.java:1511)
... Removed 27 stack frames]]>
    </failure>
  </testcase> <!-- TC6 -->
  <testcase classname="TestNG.sample2" name="TC7" time="0.004"/>
  <testcase classname="TestNG.sample3" name="TC10" time="0.003"/>
  <testcase classname="TestNG.sample3" name="TC8" time="0.005"/>
  <testcase classname="TestNG.sample3" name="TC9" time="0.006"/>
</testsuite> <!-- Sample -->
